<?xml version="1.0" encoding="UTF-8"?>
<testng-results skipped="0" failed="0" total="1" passed="1">
  <reporter-output>
  </reporter-output>
  <suite name="Command line suite" duration-ms="22" started-at="2016-02-17T09:07:24Z" finished-at="2016-02-17T09:07:24Z">
    <groups>
    </groups>
    <test name="Command line test" duration-ms="22" started-at="2016-02-17T09:07:24Z" finished-at="2016-02-17T09:07:24Z">
      <class name="org.vonage.Cutomer_PERS_BUS_ENT.AppTest">
        <test-method status="PASS" signature="testApp()[pri:0, instance:testApp(org.vonage.Cutomer_PERS_BUS_ENT.AppTest)]" name="testApp" duration-ms="3" started-at="2016-02-17T01:07:24Z" finished-at="2016-02-17T01:07:24Z">
          <reporter-output>
          </reporter-output>
        </test-method> <!-- testApp -->
      </class> <!-- org.vonage.Cutomer_PERS_BUS_ENT.AppTest -->
    </test> <!-- Command line test -->
  </suite> <!-- Command line suite -->
</testng-results>
