<?xml version="1.0" encoding="UTF-8"?>
<!-- Generated by org.testng.reporters.JUnitXMLReporter -->
<testsuite hostname="ShaKaTha" name="Command line test" tests="5" failures="0" timestamp="17 Feb 2016 09:07:24 GMT" time="68.653" errors="0">
  <testcase name="Test1" time="3.561" classname="org.vonage.Cutomer_PERS_BUS_ENT.Testng_Suite"/>
  <testcase name="Test2" time="10.453" classname="org.vonage.Cutomer_PERS_BUS_ENT.Testng_Suite"/>
  <testcase name="Test3" time="4.583" classname="org.vonage.Cutomer_PERS_BUS_ENT.Testng_Suite"/>
  <testcase name="Test4" time="5.682" classname="org.vonage.Cutomer_PERS_BUS_ENT.Testng_Suite"/>
  <testcase name="Test5" time="5.202" classname="org.vonage.Cutomer_PERS_BUS_ENT.Testng_Suite"/>
</testsuite> <!-- Command line test -->
