<?xml version="1.0" encoding="UTF-8"?>
<testng-results skipped="0" failed="0" total="5" passed="5">
  <reporter-output>
  </reporter-output>
  <suite name="Suite" duration-ms="56840" started-at="2016-02-24T08:53:25Z" finished-at="2016-02-24T08:54:22Z">
    <groups>
      <group name="Group1">
        <method signature="Testng_Suite.Test1()[pri:0, instance:org.vonage.Customer_PERS_BUS_ENT.Testng_Suite@6d8a00e3]" name="Test1" class="org.vonage.Customer_PERS_BUS_ENT.Testng_Suite"/>
        <method signature="Testng_Suite.Test2()[pri:0, instance:org.vonage.Customer_PERS_BUS_ENT.Testng_Suite@6d8a00e3]" name="Test2" class="org.vonage.Customer_PERS_BUS_ENT.Testng_Suite"/>
        <method signature="Testng_Suite.Test3()[pri:0, instance:org.vonage.Customer_PERS_BUS_ENT.Testng_Suite@6d8a00e3]" name="Test3" class="org.vonage.Customer_PERS_BUS_ENT.Testng_Suite"/>
        <method signature="Testng_Suite.Test4()[pri:0, instance:org.vonage.Customer_PERS_BUS_ENT.Testng_Suite@6d8a00e3]" name="Test4" class="org.vonage.Customer_PERS_BUS_ENT.Testng_Suite"/>
        <method signature="Testng_Suite.Test5()[pri:0, instance:org.vonage.Customer_PERS_BUS_ENT.Testng_Suite@6d8a00e3]" name="Test5" class="org.vonage.Customer_PERS_BUS_ENT.Testng_Suite"/>
      </group> <!-- Group1 -->
    </groups>
    <test name="Test" duration-ms="56840" started-at="2016-02-24T08:53:25Z" finished-at="2016-02-24T08:54:22Z">
      <class name="org.vonage.Customer_PERS_BUS_ENT.Testng_Suite">
        <test-method status="PASS" signature="beforeSuite()[pri:0, instance:org.vonage.Customer_PERS_BUS_ENT.Testng_Suite@6d8a00e3]" name="beforeSuite" is-config="true" duration-ms="9" started-at="2016-02-24T00:53:25Z" finished-at="2016-02-24T00:53:25Z">
          <reporter-output>
          </reporter-output>
        </test-method> <!-- beforeSuite -->
        <test-method status="PASS" signature="beforeClass()[pri:0, instance:org.vonage.Customer_PERS_BUS_ENT.Testng_Suite@6d8a00e3]" name="beforeClass" is-config="true" duration-ms="15240" started-at="2016-02-24T00:53:25Z" finished-at="2016-02-24T00:53:40Z">
          <reporter-output>
          </reporter-output>
        </test-method> <!-- beforeClass -->
        <test-method status="PASS" signature="Test1()[pri:0, instance:org.vonage.Customer_PERS_BUS_ENT.Testng_Suite@6d8a00e3]" name="Test1" duration-ms="2483" started-at="2016-02-24T00:53:40Z" finished-at="2016-02-24T00:53:43Z">
          <reporter-output>
          </reporter-output>
        </test-method> <!-- Test1 -->
        <test-method status="PASS" signature="AterMethod()[pri:0, instance:org.vonage.Customer_PERS_BUS_ENT.Testng_Suite@6d8a00e3]" name="AterMethod" is-config="true" duration-ms="3735" started-at="2016-02-24T00:53:43Z" finished-at="2016-02-24T00:53:47Z">
          <reporter-output>
          </reporter-output>
        </test-method> <!-- AterMethod -->
        <test-method status="PASS" signature="Test2()[pri:0, instance:org.vonage.Customer_PERS_BUS_ENT.Testng_Suite@6d8a00e3]" name="Test2" duration-ms="9034" started-at="2016-02-24T00:53:47Z" finished-at="2016-02-24T00:53:56Z">
          <reporter-output>
          </reporter-output>
        </test-method> <!-- Test2 -->
        <test-method status="PASS" signature="AterMethod()[pri:0, instance:org.vonage.Customer_PERS_BUS_ENT.Testng_Suite@6d8a00e3]" name="AterMethod" is-config="true" duration-ms="4867" started-at="2016-02-24T00:53:56Z" finished-at="2016-02-24T00:54:01Z">
          <reporter-output>
          </reporter-output>
        </test-method> <!-- AterMethod -->
        <test-method status="PASS" signature="Test3()[pri:0, instance:org.vonage.Customer_PERS_BUS_ENT.Testng_Suite@6d8a00e3]" name="Test3" duration-ms="2700" started-at="2016-02-24T00:54:01Z" finished-at="2016-02-24T00:54:03Z">
          <reporter-output>
          </reporter-output>
        </test-method> <!-- Test3 -->
        <test-method status="PASS" signature="AterMethod()[pri:0, instance:org.vonage.Customer_PERS_BUS_ENT.Testng_Suite@6d8a00e3]" name="AterMethod" is-config="true" duration-ms="4619" started-at="2016-02-24T00:54:03Z" finished-at="2016-02-24T00:54:08Z">
          <reporter-output>
          </reporter-output>
        </test-method> <!-- AterMethod -->
        <test-method status="PASS" signature="Test4()[pri:0, instance:org.vonage.Customer_PERS_BUS_ENT.Testng_Suite@6d8a00e3]" name="Test4" duration-ms="2596" started-at="2016-02-24T00:54:08Z" finished-at="2016-02-24T00:54:10Z">
          <reporter-output>
          </reporter-output>
        </test-method> <!-- Test4 -->
        <test-method status="PASS" signature="AterMethod()[pri:0, instance:org.vonage.Customer_PERS_BUS_ENT.Testng_Suite@6d8a00e3]" name="AterMethod" is-config="true" duration-ms="4468" started-at="2016-02-24T00:54:10Z" finished-at="2016-02-24T00:54:15Z">
          <reporter-output>
          </reporter-output>
        </test-method> <!-- AterMethod -->
        <test-method status="PASS" signature="Test5()[pri:0, instance:org.vonage.Customer_PERS_BUS_ENT.Testng_Suite@6d8a00e3]" name="Test5" duration-ms="2614" started-at="2016-02-24T00:54:15Z" finished-at="2016-02-24T00:54:18Z">
          <reporter-output>
          </reporter-output>
        </test-method> <!-- Test5 -->
        <test-method status="PASS" signature="AterMethod()[pri:0, instance:org.vonage.Customer_PERS_BUS_ENT.Testng_Suite@6d8a00e3]" name="AterMethod" is-config="true" duration-ms="4469" started-at="2016-02-24T00:54:18Z" finished-at="2016-02-24T00:54:22Z">
          <reporter-output>
          </reporter-output>
        </test-method> <!-- AterMethod -->
        <test-method status="PASS" signature="afterSuite()[pri:0, instance:org.vonage.Customer_PERS_BUS_ENT.Testng_Suite@6d8a00e3]" name="afterSuite" is-config="true" duration-ms="1" started-at="2016-02-24T00:54:22Z" finished-at="2016-02-24T00:54:22Z">
          <reporter-output>
          </reporter-output>
        </test-method> <!-- afterSuite -->
      </class> <!-- org.vonage.Customer_PERS_BUS_ENT.Testng_Suite -->
    </test> <!-- Test -->
  </suite> <!-- Suite -->
</testng-results>
