<?xml version="1.0" encoding="UTF-8"?>
<testsuite xmlns:xsi="http://www.w3.org/2001/XMLSchema-instance" xsi:schemaLocation="https://maven.apache.org/surefire/maven-surefire-plugin/xsd/surefire-test-report.xsd" name="TestSuite" time="83.975" tests="5" errors="0" skipped="0" failures="0">
  <properties>
[...]
</properties>
  <testcase name="Test1" classname="org.vonage.Cutomer_PERS_BUS_ENT.Testng_Suite" time="4.151"/>
  <testcase name="Test2" classname="org.vonage.Cutomer_PERS_BUS_ENT.Testng_Suite" time="13.28"/>
  <testcase name="Test3" classname="org.vonage.Cutomer_PERS_BUS_ENT.Testng_Suite" time="8.083"/>
  <testcase name="Test4" classname="org.vonage.Cutomer_PERS_BUS_ENT.Testng_Suite" time="6.334"/>
  <testcase name="Test5" classname="org.vonage.Cutomer_PERS_BUS_ENT.Testng_Suite" time="7.283"/>
</testsuite>