<?xml version="1.0" encoding="UTF-8"?>
<!-- Generated by org.testng.reporters.JUnitXMLReporter -->
<testsuite hostname="ShaKaTha" name="VonageTesting" tests="5" failures="0" timestamp="18 Feb 2016 04:24:09 GMT" time="83.037" errors="0">
  <testcase name="Test1" time="4.15" classname="org.vonage.Cutomer_PERS_BUS_ENT.Testng_Suite"/>
  <testcase name="Test2" time="13.282" classname="org.vonage.Cutomer_PERS_BUS_ENT.Testng_Suite"/>
  <testcase name="Test3" time="8.084" classname="org.vonage.Cutomer_PERS_BUS_ENT.Testng_Suite"/>
  <testcase name="Test4" time="6.333" classname="org.vonage.Cutomer_PERS_BUS_ENT.Testng_Suite"/>
  <testcase name="Test5" time="7.284" classname="org.vonage.Cutomer_PERS_BUS_ENT.Testng_Suite"/>
</testsuite> <!-- VonageTesting -->
